Build started 3/27/2015 9:35:57 PM.
     1>Project "c:\Users\Bryan\documents\visual studio 2013\Projects\ConsoleApplication33\ConsoleApplication33\ConsoleApplication33.vcxproj" on node 2 (Build target(s)).
     1>Link:
         C:\Program Files (x86)\Microsoft Visual Studio 12.0\VC\bin\link.exe /ERRORREPORT:PROMPT /OUT:"c:\users\bryan\documents\visual studio 2013\Projects\ConsoleApplication33\Debug\ConsoleApplication33.exe" /INCREMENTAL /NOLOGO kernel32.lib user32.lib gdi32.lib winspool.lib comdlg32.lib advapi32.lib shell32.lib ole32.lib oleaut32.lib uuid.lib odbc32.lib odbccp32.lib /MANIFEST /MANIFESTUAC:"level='asInvoker' uiAccess='false'" /manifest:embed /DEBUG /PDB:"c:\users\bryan\documents\visual studio 2013\Projects\ConsoleApplication33\Debug\ConsoleApplication33.pdb" /SUBSYSTEM:CONSOLE /TLBID:1 /DYNAMICBASE /NXCOMPAT /IMPLIB:"c:\users\bryan\documents\visual studio 2013\Projects\ConsoleApplication33\Debug\ConsoleApplication33.lib" /MACHINE:X86 Debug\stack.obj
         Debug\test.obj
     1>test.obj : error LNK2005: "public: __thiscall Stack::Stack(void)" (??0Stack@@QAE@XZ) already defined in stack.obj
     1>test.obj : error LNK2005: "public: __thiscall Stack::~Stack(void)" (??1Stack@@QAE@XZ) already defined in stack.obj
     1>test.obj : error LNK2005: "public: char __thiscall Stack::Pop(void)" (?Pop@Stack@@QAEDXZ) already defined in stack.obj
     1>test.obj : error LNK2005: "public: void __thiscall Stack::Push(char)" (?Push@Stack@@QAEXD@Z) already defined in stack.obj
     1>test.obj : error LNK2005: "public: bool __thiscall Stack::empty(void)" (?empty@Stack@@QAE_NXZ) already defined in stack.obj
     1>c:\users\bryan\documents\visual studio 2013\Projects\ConsoleApplication33\Debug\ConsoleApplication33.exe : fatal error LNK1169: one or more multiply defined symbols found
     1>Done Building Project "c:\Users\Bryan\documents\visual studio 2013\Projects\ConsoleApplication33\ConsoleApplication33\ConsoleApplication33.vcxproj" (Build target(s)) -- FAILED.

Build FAILED.

Time Elapsed 00:00:00.08
