Build started 3/27/2015 3:48:17 PM.
     1>Project "c:\Users\Bryan\documents\visual studio 2013\Projects\ConsoleApplication28\ConsoleApplication28\ConsoleApplication28.vcxproj" on node 2 (Build target(s)).
     1>ClCompile:
         C:\Program Files (x86)\Microsoft Visual Studio 12.0\VC\bin\CL.exe /c /ZI /nologo /W3 /WX- /sdl /Od /Oy- /D WIN32 /D _DEBUG /D _CONSOLE /D _LIB /D _UNICODE /D UNICODE /Gm /EHsc /RTC1 /MDd /GS /fp:precise /Zc:wchar_t /Zc:forScope /Fo"Debug\\" /Fd"Debug\vc120.pdb" /Gd /TP /analyze- /errorReport:prompt worksheet.cpp
         worksheet.cpp
     1>c:\users\bryan\documents\visual studio 2013\projects\consoleapplication28\consoleapplication28\worksheet.cpp(69): warning C4715: 'Sumseries' : not all control paths return a value
     1>c:\users\bryan\documents\visual studio 2013\projects\consoleapplication28\consoleapplication28\worksheet.cpp(81): warning C4715: 'SumXY' : not all control paths return a value
       Link:
         C:\Program Files (x86)\Microsoft Visual Studio 12.0\VC\bin\link.exe /ERRORREPORT:PROMPT /OUT:"c:\users\bryan\documents\visual studio 2013\Projects\ConsoleApplication28\Debug\ConsoleApplication28.exe" /INCREMENTAL /NOLOGO kernel32.lib user32.lib gdi32.lib winspool.lib comdlg32.lib advapi32.lib shell32.lib ole32.lib oleaut32.lib uuid.lib odbc32.lib odbccp32.lib /MANIFEST /MANIFESTUAC:"level='asInvoker' uiAccess='false'" /manifest:embed /DEBUG /PDB:"c:\users\bryan\documents\visual studio 2013\Projects\ConsoleApplication28\Debug\ConsoleApplication28.pdb" /SUBSYSTEM:CONSOLE /TLBID:1 /DYNAMICBASE /NXCOMPAT /IMPLIB:"c:\users\bryan\documents\visual studio 2013\Projects\ConsoleApplication28\Debug\ConsoleApplication28.lib" /MACHINE:X86 Debug\worksheet.obj
     1>LINK : fatal error LNK1168: cannot open c:\users\bryan\documents\visual studio 2013\Projects\ConsoleApplication28\Debug\ConsoleApplication28.exe for writing
     1>Done Building Project "c:\Users\Bryan\documents\visual studio 2013\Projects\ConsoleApplication28\ConsoleApplication28\ConsoleApplication28.vcxproj" (Build target(s)) -- FAILED.

Build FAILED.

Time Elapsed 00:00:00.45
